Set parameter Username
Academic license - for non-commercial use only - expires 2024-11-06
Traceback (most recent call last):
  File "/home/mw922/Sanquin_NHSBT_bloodmatching/main.py", line 108, in <module>
    main()
  File "/home/mw922/Sanquin_NHSBT_bloodmatching/main.py", line 81, in main
    simulation(SETTINGS, PARAMS)
  File "/home/mw922/Sanquin_NHSBT_bloodmatching/simulation.py", line 37, in simulation
    simulate_episode_single(SETTINGS, PARAMS, htype, e)
  File "/home/mw922/Sanquin_NHSBT_bloodmatching/simulation.py", line 82, in simulate_episode_single
    logs, issuing_age, x = simulate_day_single(SETTINGS, PARAMS, obj_params, logs, issuing_age, dc, hospital, e, day, x)
  File "/home/mw922/Sanquin_NHSBT_bloodmatching/simulation.py", line 185, in simulate_day_single
    gurobi_logs, x = minrar_single_hospital(SETTINGS, PARAMS, obj_params, hospital, I, R, day, e, x)
  File "/home/mw922/Sanquin_NHSBT_bloodmatching/minrar_single.py", line 112, in minrar_single_hospital
    x[i,r].Start = x_prev[ir]
KeyboardInterrupt
Set parameter Username
Set parameter Username
Academic license - for non-commercial use only - expires 2024-11-06
Academic license - for non-commercial use only - expires 2024-11-06
Set parameter Username
Academic license - for non-commercial use only - expires 2024-11-06
Set parameter Username
Academic license - for non-commercial use only - expires 2024-11-06
Set parameter Username
Set parameter Username
Set parameter Username
Academic license - for non-commercial use only - expires 2024-11-06
Academic license - for non-commercial use only - expires 2024-11-06
Academic license - for non-commercial use only - expires 2024-11-06
Set parameter Username
Academic license - for non-commercial use only - expires 2024-11-06
Set parameter Username
Academic license - for non-commercial use only - expires 2024-11-06
Set parameter Username
Set parameter Username
Set parameter Username
Set parameter Username
Set parameter Username
Set parameter Username
Academic license - for non-commercial use only - expires 2024-11-06
Academic license - for non-commercial use only - expires 2024-11-06
Academic license - for non-commercial use only - expires 2024-11-06
Academic license - for non-commercial use only - expires 2024-11-06
Academic license - for non-commercial use only - expires 2024-11-06
Academic license - for non-commercial use only - expires 2024-11-06
Set parameter Username
Academic license - for non-commercial use only - expires 2024-11-06
Traceback (most recent call last):
  File "/home/mw922/Sanquin_NHSBT_bloodmatching/main.py", line 108, in <module>
    main()
  File "/home/mw922/Sanquin_NHSBT_bloodmatching/main.py", line 81, in main
    simulation(SETTINGS, PARAMS)
  File "/home/mw922/Sanquin_NHSBT_bloodmatching/simulation.py", line 41, in simulation
    pool.starmap(simulate_episode_single, [(SETTINGS, PARAMS, htype, e) for e in range(SETTINGS.episodes[0], SETTINGS.episodes[1])])
  File "/home/mw922/.pyenv/versions/3.9.16/lib/python3.9/multiprocessing/pool.py", line 372, in starmap
    return self._map_async(func, iterable, starmapstar, chunksize).get()
  File "/home/mw922/.pyenv/versions/3.9.16/lib/python3.9/multiprocessing/pool.py", line 765, in get
    self.wait(timeout)
  File "/home/mw922/.pyenv/versions/3.9.16/lib/python3.9/multiprocessing/pool.py", line 762, in wait
    self._event.wait(timeout)
  File "/home/mw922/.pyenv/versions/3.9.16/lib/python3.9/threading.py", line 581, in wait
    signaled = self._cond.wait(timeout)
  File "/home/mw922/.pyenv/versions/3.9.16/lib/python3.9/threading.py", line 312, in wait
    waiter.acquire()
KeyboardInterrupt
Set parameter Username
Set parameter Username
Set parameter Username
Academic license - for non-commercial use only - expires 2024-11-06
Academic license - for non-commercial use only - expires 2024-11-06
Academic license - for non-commercial use only - expires 2024-11-06
Set parameter Username
Set parameter Username
Academic license - for non-commercial use only - expires 2024-11-06
Academic license - for non-commercial use only - expires 2024-11-06
Set parameter Username
Academic license - for non-commercial use only - expires 2024-11-06
Set parameter Username
Academic license - for non-commercial use only - expires 2024-11-06
Set parameter Username
Academic license - for non-commercial use only - expires 2024-11-06
Set parameter Username
Set parameter Username
Academic license - for non-commercial use only - expires 2024-11-06
Academic license - for non-commercial use only - expires 2024-11-06
Set parameter Username
Academic license - for non-commercial use only - expires 2024-11-06
Set parameter Username
Academic license - for non-commercial use only - expires 2024-11-06
Set parameter Username
Set parameter Username
Set parameter Username
Academic license - for non-commercial use only - expires 2024-11-06
Academic license - for non-commercial use only - expires 2024-11-06
Academic license - for non-commercial use only - expires 2024-11-06
Set parameter Username
Academic license - for non-commercial use only - expires 2024-11-06
Set parameter Username
Set parameter Username
Set parameter Username
Set parameter Username
Set parameter Username
Set parameter Username
Set parameter Username
Set parameter Username
Set parameter Username
Set parameter Username
Set parameter Username
Set parameter Username
Set parameter Username
Set parameter Username
Set parameter Username
Set parameter Username
Set parameter Username
Set parameter Username
Set parameter Username
Set parameter Username
Academic license - for non-commercial use only - expires 2024-11-06
Set parameter Username
Academic license - for non-commercial use only - expires 2024-11-06
Set parameter Username
Academic license - for non-commercial use only - expires 2024-11-06
Set parameter Username
Academic license - for non-commercial use only - expires 2024-11-06
Set parameter Username
Academic license - for non-commercial use only - expires 2024-11-06
Set parameter Username
Academic license - for non-commercial use only - expires 2024-11-06
Set parameter Username
Academic license - for non-commercial use only - expires 2024-11-06
Set parameter Username
Academic license - for non-commercial use only - expires 2024-11-06
Set parameter Username
Academic license - for non-commercial use only - expires 2024-11-06
Set parameter Username
Academic license - for non-commercial use only - expires 2024-11-06
Set parameter Username
Academic license - for non-commercial use only - expires 2024-11-06
Set parameter Username
Academic license - for non-commercial use only - expires 2024-11-06
Set parameter Username
Academic license - for non-commercial use only - expires 2024-11-06
Set parameter Username
Academic license - for non-commercial use only - expires 2024-11-06
Set parameter Username
Academic license - for non-commercial use only - expires 2024-11-06
Set parameter Username
Academic license - for non-commercial use only - expires 2024-11-06
Set parameter Username
Academic license - for non-commercial use only - expires 2024-11-06
Set parameter Username
Academic license - for non-commercial use only - expires 2024-11-06
Set parameter Username
Academic license - for non-commercial use only - expires 2024-11-06
Set parameter Username
Academic license - for non-commercial use only - expires 2024-11-06
Set parameter Username
Academic license - for non-commercial use only - expires 2024-11-06
Set parameter Username
Academic license - for non-commercial use only - expires 2024-11-06
Set parameter Username
Academic license - for non-commercial use only - expires 2024-11-06
Set parameter Username
Academic license - for non-commercial use only - expires 2024-11-06
Set parameter Username
Set parameter Username
Academic license - for non-commercial use only - expires 2024-11-06
Academic license - for non-commercial use only - expires 2024-11-06
Set parameter Username
Academic license - for non-commercial use only - expires 2024-11-06
Set parameter Username
Academic license - for non-commercial use only - expires 2024-11-06
Set parameter Username
Set parameter Username
Academic license - for non-commercial use only - expires 2024-11-06
Academic license - for non-commercial use only - expires 2024-11-06
Set parameter Username
Academic license - for non-commercial use only - expires 2024-11-06
Set parameter Username
Academic license - for non-commercial use only - expires 2024-11-06
Set parameter Username
Academic license - for non-commercial use only - expires 2024-11-06
Set parameter Username
Academic license - for non-commercial use only - expires 2024-11-06
Set parameter Username
Academic license - for non-commercial use only - expires 2024-11-06
Set parameter Username
Academic license - for non-commercial use only - expires 2024-11-06
Set parameter Username
Academic license - for non-commercial use only - expires 2024-11-06
Set parameter Username
Academic license - for non-commercial use only - expires 2024-11-06
Set parameter Username
Academic license - for non-commercial use only - expires 2024-11-06
Set parameter Username
Academic license - for non-commercial use only - expires 2024-11-06
Set parameter Username
Academic license - for non-commercial use only - expires 2024-11-06
Set parameter Username
Academic license - for non-commercial use only - expires 2024-11-06
Set parameter Username
Academic license - for non-commercial use only - expires 2024-11-06
Set parameter Username
Academic license - for non-commercial use only - expires 2024-11-06
Set parameter Username
Academic license - for non-commercial use only - expires 2024-11-06
Set parameter Username
Academic license - for non-commercial use only - expires 2024-11-06
Set parameter Username
Academic license - for non-commercial use only - expires 2024-11-06
Set parameter Username
Academic license - for non-commercial use only - expires 2024-11-06
